#
# There is insufficient memory for the Java Runtime Environment to continue.
# Native memory allocation (mmap) failed to map 266338304 bytes for G1 virtual space
# Possible reasons:
#   The system is out of physical RAM or swap space
#   The process is running with CompressedOops enabled, and the Java Heap may be blocking the growth of the native heap
# Possible solutions:
#   Reduce memory load on the system
#   Increase physical memory or swap space
#   Check if swap backing store is full
#   Decrease Java heap size (-Xmx/-Xms)
#   Decrease number of Java threads
#   Decrease Java thread stack sizes (-Xss)
#   Set larger code cache with -XX:ReservedCodeCacheSize=
#   JVM is running with Zero Based Compressed Oops mode in which the Java heap is
#     placed in the first 32GB address space. The Java Heap base address is the
#     maximum limit for the native heap growth. Please use -XX:HeapBaseMinAddress
#     to set the Java Heap base and to place the Java Heap above 32GB virtual address.
# This output file may be truncated or incomplete.
#
#  Out of Memory Error (os_windows.cpp:3747), pid=22868, tid=17116
#
# JRE version:  (17.0.3+7) (build )
# Java VM: OpenJDK 64-Bit Server VM (17.0.3+7-b469.37, mixed mode, sharing, tiered, compressed oops, compressed class ptrs, g1 gc, windows-amd64)
# No core dump will be written. Minidumps are not enabled by default on client versions of Windows
#

---------------  S U M M A R Y ------------

Command Line: git4idea.http.GitAskPassApp Username for 'https://github.com': 

Host: Intel(R) Core(TM) i7-10870H CPU @ 2.20GHz, 16 cores, 15G,  Windows 10 , 64 bit Build 19041 (10.0.19041.3636)
Time: Sun Dec 31 01:59:24 2023  Windows 10 , 64 bit Build 19041 (10.0.19041.3636) elapsed time: 0.011058 seconds (0d 0h 0m 0s)

---------------  T H R E A D  ---------------

Current thread (0x000001e8e8af5d30):  JavaThread "Unknown thread" [_thread_in_vm, id=17116, stack(0x0000007b48e00000,0x0000007b48f00000)]

Stack: [0x0000007b48e00000,0x0000007b48f00000]
Native frames: (J=compiled Java code, j=interpreted, Vv=VM code, C=native code)
V  [jvm.dll+0x681f8a]
V  [jvm.dll+0x83e374]
V  [jvm.dll+0x83fb1e]
V  [jvm.dll+0x840183]
V  [jvm.dll+0x2492a5]
V  [jvm.dll+0x67ee59]
V  [jvm.dll+0x67355a]
V  [jvm.dll+0x308fab]
V  [jvm.dll+0x310466]
V  [jvm.dll+0x3601de]
V  [jvm.dll+0x36040f]
V  [jvm.dll+0x2df098]
V  [jvm.dll+0x2e0004]
V  [jvm.dll+0x80fc61]
V  [jvm.dll+0x36df61]
V  [jvm.dll+0x7ef17c]
V  [jvm.dll+0x3f10ef]
V  [jvm.dll+0x3f2c31]
C  [jli.dll+0x526b]
C  [ucrtbase.dll+0x21bb2]
C  [KERNEL32.DLL+0x17344]
C  [ntdll.dll+0x526b1]


---------------  P R O C E S S  ---------------

Threads class SMR info:
_java_thread_list=0x00007ffa37de6f18, length=0, elements={
}

Java Threads: ( => current thread )

Other Threads:
  0x000001e8e8b62440 GCTaskThread "GC Thread#0" [stack: 0x0000007b48f00000,0x0000007b49000000] [id=23656]
  0x000001e8e8b72f10 ConcurrentGCThread "G1 Main Marker" [stack: 0x0000007b49000000,0x0000007b49100000] [id=19952]
  0x000001e8e8b73fd0 ConcurrentGCThread "G1 Conc#0" [stack: 0x0000007b49100000,0x0000007b49200000] [id=23440]

[error occurred during error reporting (printing all threads), id 0xc0000005, EXCEPTION_ACCESS_VIOLATION (0xc0000005) at pc=0x00007ffa3759fc57]

VM state: not at safepoint (not fully initialized)

VM Mutex/Monitor currently owned by a thread:  ([mutex/lock_event])
[0x000001e8e8af1270] Heap_lock - owner thread: 0x000001e8e8af5d30

Heap address: 0x0000000703800000, size: 4040 MB, Compressed Oops mode: Zero based, Oop shift amount: 3

CDS archive(s) mapped at: [0x0000000000000000-0x0000000000000000-0x0000000000000000), size 0, SharedBaseAddress: 0x0000000800000000, ArchiveRelocationMode: 0.
Narrow klass base: 0x0000000000000000, Narrow klass shift: 0, Narrow klass range: 0x0

GC Precious Log:
<Empty>

Heap:
 garbage-first heap   total 0K, used 0K [0x0000000703800000, 0x0000000800000000)
  region size 2048K, 0 young (0K), 0 survivors (0K)

[error occurred during error reporting (printing heap information), id 0xc0000005, EXCEPTION_ACCESS_VIOLATION (0xc0000005) at pc=0x00007ffa3798bbd9]

GC Heap History (0 events):
No events

Deoptimization events (0 events):
No events

Classes unloaded (0 events):
No events

Classes redefined (0 events):
No events

Internal exceptions (0 events):
No events

VM Operations (0 events):
No events

Events (1 events):
Event: 0.005 Loaded shared library D:\Java\IntelliJ IDEA 2022.2.1\jbr\bin\java.dll


Dynamic libraries:
0x00007ff7f2bd0000 - 0x00007ff7f2bda000 	D:\Java\IntelliJ IDEA 2022.2.1\jbr\bin\java.exe
0x00007ffa8d610000 - 0x00007ffa8d808000 	C:\WINDOWS\SYSTEM32\ntdll.dll
0x00007ffa8d400000 - 0x00007ffa8d4bd000 	C:\WINDOWS\System32\KERNEL32.DLL
0x00007ffa8ad20000 - 0x00007ffa8b016000 	C:\WINDOWS\System32\KERNELBASE.dll
0x00007ffa8b020000 - 0x00007ffa8b120000 	C:\WINDOWS\System32\ucrtbase.dll
0x00007ffa57680000 - 0x00007ffa5769b000 	D:\Java\IntelliJ IDEA 2022.2.1\jbr\bin\VCRUNTIME140.dll
0x00007ffa5dc00000 - 0x00007ffa5dc17000 	D:\Java\IntelliJ IDEA 2022.2.1\jbr\bin\jli.dll
0x00007ffa8cd30000 - 0x00007ffa8cece000 	C:\WINDOWS\System32\USER32.dll
0x00007ffa8b640000 - 0x00007ffa8b662000 	C:\WINDOWS\System32\win32u.dll
0x00007ffa723b0000 - 0x00007ffa7264a000 	C:\WINDOWS\WinSxS\amd64_microsoft.windows.common-controls_6595b64144ccf1df_6.0.19041.3636_none_60b6a03d71f818d5\COMCTL32.dll
0x00007ffa8bb40000 - 0x00007ffa8bb6c000 	C:\WINDOWS\System32\GDI32.dll
0x00007ffa8bf30000 - 0x00007ffa8bfce000 	C:\WINDOWS\System32\msvcrt.dll
0x00007ffa8b4b0000 - 0x00007ffa8b5ca000 	C:\WINDOWS\System32\gdi32full.dll
0x00007ffa8b280000 - 0x00007ffa8b31d000 	C:\WINDOWS\System32\msvcp_win.dll
0x00007ffa8b820000 - 0x00007ffa8b850000 	C:\WINDOWS\System32\IMM32.DLL
0x00007ffa730f0000 - 0x00007ffa730fc000 	D:\Java\IntelliJ IDEA 2022.2.1\jbr\bin\vcruntime140_1.dll
0x00007ffa461b0000 - 0x00007ffa4623d000 	D:\Java\IntelliJ IDEA 2022.2.1\jbr\bin\msvcp140.dll
0x00007ffa372b0000 - 0x00007ffa37f18000 	D:\Java\IntelliJ IDEA 2022.2.1\jbr\bin\server\jvm.dll
0x00007ffa8d000000 - 0x00007ffa8d0af000 	C:\WINDOWS\System32\ADVAPI32.dll
0x00007ffa8d4c0000 - 0x00007ffa8d55c000 	C:\WINDOWS\System32\sechost.dll
0x00007ffa8ced0000 - 0x00007ffa8cff6000 	C:\WINDOWS\System32\RPCRT4.dll
0x00007ffa8ba50000 - 0x00007ffa8ba58000 	C:\WINDOWS\System32\PSAPI.DLL
0x00007ffa7af10000 - 0x00007ffa7af37000 	C:\WINDOWS\SYSTEM32\WINMM.dll
0x00007ffa68280000 - 0x00007ffa68289000 	C:\WINDOWS\SYSTEM32\WSOCK32.dll
0x00007ffa81310000 - 0x00007ffa8131a000 	C:\WINDOWS\SYSTEM32\VERSION.dll
0x00007ffa8d560000 - 0x00007ffa8d5cb000 	C:\WINDOWS\System32\WS2_32.dll
0x00007ffa89540000 - 0x00007ffa89552000 	C:\WINDOWS\SYSTEM32\kernel.appcore.dll
0x00007ffa859b0000 - 0x00007ffa859ba000 	D:\Java\IntelliJ IDEA 2022.2.1\jbr\bin\jimage.dll
0x00007ffa89250000 - 0x00007ffa89434000 	C:\WINDOWS\SYSTEM32\DBGHELP.DLL
0x00007ffa7ad70000 - 0x00007ffa7ada4000 	C:\WINDOWS\SYSTEM32\dbgcore.DLL
0x00007ffa8b320000 - 0x00007ffa8b3a2000 	C:\WINDOWS\System32\bcryptPrimitives.dll
0x00007ffa79690000 - 0x00007ffa796b5000 	D:\Java\IntelliJ IDEA 2022.2.1\jbr\bin\java.dll

dbghelp: loaded successfully - version: 4.0.5 - missing functions: none
symbol engine: initialized successfully - sym options: 0x614 - pdb path: .;D:\Java\IntelliJ IDEA 2022.2.1\jbr\bin;C:\WINDOWS\SYSTEM32;C:\WINDOWS\WinSxS\amd64_microsoft.windows.common-controls_6595b64144ccf1df_6.0.19041.3636_none_60b6a03d71f818d5;D:\Java\IntelliJ IDEA 2022.2.1\jbr\bin\server

VM Arguments:
java_command: git4idea.http.GitAskPassApp Username for 'https://github.com': 
java_class_path (initial): D:/Java/IntelliJ IDEA 2022.2.1/plugins/git4idea/lib/git4idea-rt.jar;D:/Java/IntelliJ IDEA 2022.2.1/lib/externalProcess-rt.jar;D:/Java/IntelliJ IDEA 2022.2.1/lib/app.jar;D:/Java/IntelliJ IDEA 2022.2.1/lib/3rd-party-rt.jar
Launcher Type: SUN_STANDARD

[Global flags]
     intx CICompilerCount                          = 12                                        {product} {ergonomic}
     uint ConcGCThreads                            = 3                                         {product} {ergonomic}
     uint G1ConcRefinementThreads                  = 13                                        {product} {ergonomic}
   size_t G1HeapRegionSize                         = 2097152                                   {product} {ergonomic}
    uintx GCDrainStackTargetSize                   = 64                                        {product} {ergonomic}
   size_t InitialHeapSize                          = 266338304                                 {product} {ergonomic}
   size_t MarkStackSize                            = 4194304                                   {product} {ergonomic}
   size_t MaxHeapSize                              = 4236247040                                {product} {ergonomic}
   size_t MinHeapDeltaBytes                        = 2097152                                   {product} {ergonomic}
   size_t MinHeapSize                              = 8388608                                   {product} {ergonomic}
    uintx NonNMethodCodeHeapSize                   = 7602480                                {pd product} {ergonomic}
    uintx NonProfiledCodeHeapSize                  = 122027880                              {pd product} {ergonomic}
    uintx ProfiledCodeHeapSize                     = 122027880                              {pd product} {ergonomic}
    uintx ReservedCodeCacheSize                    = 251658240                              {pd product} {ergonomic}
     bool SegmentedCodeCache                       = true                                      {product} {ergonomic}
   size_t SoftMaxHeapSize                          = 4236247040                             {manageable} {ergonomic}
     bool UseCompressedClassPointers               = true                           {product lp64_product} {ergonomic}
     bool UseCompressedOops                        = true                           {product lp64_product} {ergonomic}
     bool UseG1GC                                  = true                                      {product} {ergonomic}
     bool UseLargePagesIndividualAllocation        = false                                  {pd product} {ergonomic}

Logging:
Log output configuration:
 #0: stdout all=warning uptime,level,tags
 #1: stderr all=off uptime,level,tags

Environment Variables:
JAVA_HOME=C:\Program Files\Java\jdk1.8.0_341
CLASSPATH=.;C:\Program Files\Java\jdk1.8.0_341\lib;C:\Program Files\Java\jdk1.8.0_341\lib\tools.jar
PATH=C:\Program Files\Git\mingw64\libexec\git-core;C:\Program Files\Git\mingw64\libexec\git-core;C:\Program Files\Git\mingw64\bin;C:\Program Files\Git\usr\bin;C:\Users\20508\bin;D:\MPI\Bin;C:\Program Files\NVIDIA GPU Computing Toolkit\CUDA\v12.3\bin;C:\Program Files\NVIDIA GPU Computing Toolkit\CUDA\v12.3\libnvvp;C:\Python312\Scripts;C:\Python312;C:\Program Files\PlasticSCM5\server;D:\¼ÆËã»úÍøÂç\bind\bin;C:\Program Files\PlasticSCM5\client;D:\Anaconda;D:\Anaconda\Script;D:\Anaconda\Library\mingw-w64\bin;D:\Anaconda\Library\usr\bin;D:\Anaconda\Library\bin;C:\Program Files (x86)\Common Files\Oracle\Java\javapath;C:\Windows\system32;C:\Windows;C:\Windows\System32\Wbem;C:\Windows\System32\WindowsPowerShell\v1.0;C:\Windows\System32\OpenSSH;C:\Program Files (x86)\NVIDIA Corporation\PhysX\Common;C:\Program Files\NVIDIA Corporation\NVIDIA NvDLISR;C:\WINDOWS\system32;C:\WINDOWS;C:\WINDOWS\System32\Wbem;C:\WINDOWS\System32\WindowsPowerShell\v1.0;C:\WINDOWS\System32\OpenSSH;C:\Program Files\dotnet;C:\Program Files\PowerShell\7;C:\Program Files\PowerShell\7-preview\preview;C:\Users\20508\AppData\Local\Programs\Python\Python310;C:\Program Files\Java\jdk1.8.0_341\bin;D:\DigitalLogicApp\iverilog\bin;D:\DigitalLogicApp\iverilog\gtkwave\bin;C:\Program Files\Git\cmd;C:\Users\20508\AppData\Local\Programs\Python\Python310\Scripts;C:\Users\20508\AppData\Local;D:\nodejs;C:\ProgramData\chocolatey\bin;C:\Program Files\NVIDIA Corporation\Nsight Compute 2023.3.1;D:\cudnn-windows-x86_64-8.9.6.50_cuda12-archive\cudnn-windows-x86_64-8.9.6.50_cuda12-archive\bin;C:\Program Files (x86)\Windows Kits\10\Windows Performance Toolkit;D:\opencv3.4.10\opencv\build\x64\vc14\lib;D:\opencv3.4.10\opencv\build\include;D:\opencv3.4.10\opencv\build\include\opencv;D:\opencv3.4.10\opencv\build\include\opencv2;C:\Users\20508\AppData\Local\Programs\Python\Python310\Scripts;C:\Users\20508\AppData\Local\Programs\Python\Python310;C:\Users\20508\AppData\Local\Microsoft\WindowsApps;D:\Idea\IntelliJ IDEA 2022.1.1\bin;D:\Êý¾
USERNAME=20508
DISPLAY=:0.0
LC_ALL=en_US.UTF-8
OS=Windows_NT
PROCESSOR_IDENTIFIER=Intel64 Family 6 Model 165 Stepping 2, GenuineIntel



---------------  S Y S T E M  ---------------

OS:
 Windows 10 , 64 bit Build 19041 (10.0.19041.3636)
OS uptime: 0 days 4:33 hours

CPU: total 16 (initial active 16) (8 cores per cpu, 2 threads per core) family 6 model 165 stepping 2 microcode 0xf8, cx8, cmov, fxsr, ht, mmx, 3dnowpref, sse, sse2, sse3, ssse3, sse4.1, sse4.2, popcnt, lzcnt, tsc, tscinvbit, avx, avx2, aes, erms, clmul, bmi1, bmi2, adx, fma, vzeroupper, clflush, clflushopt

Memory: 4k page, system-wide physical 16158M (2285M free)
TotalPageFile size 21929M (AvailPageFile size 115M)
current process WorkingSet (physical memory assigned to process): 10M, peak: 10M
current process commit charge ("private bytes"): 70M, peak: 324M

vm_info: OpenJDK 64-Bit Server VM (17.0.3+7-b469.37) for windows-amd64 JRE (17.0.3+7-b469.37), built on 2022-08-01 by "builduser" with MS VC++ 16.10 / 16.11 (VS2019)

END.
